2023-05-12 22:52:18 [restartedMain] INFO  com.had.selfhelp.SelfhelpApplication - Starting SelfhelpApplication using Java 11.0.18 on Inspiron with PID 170571 (/home/niraj/Desktop/IIITB/spe/MIni-Project/SPE-Backend/target/classes started by niraj in /home/niraj/Desktop/IIITB/spe/MIni-Project/SPE-Backend)
2023-05-12 22:52:18 [restartedMain] INFO  com.had.selfhelp.SelfhelpApplication - No active profile set, falling back to 1 default profile: "default"
2023-05-12 22:52:18 [restartedMain] INFO  o.s.b.d.e.DevToolsPropertyDefaultsPostProcessor - Devtools property defaults active! Set 'spring.devtools.add-properties' to 'false' to disable
2023-05-12 22:52:18 [restartedMain] INFO  o.s.b.d.e.DevToolsPropertyDefaultsPostProcessor - For additional web related logging consider setting the 'logging.level.web' property to 'DEBUG'
2023-05-12 22:52:18 [restartedMain] INFO  o.s.d.r.c.RepositoryConfigurationDelegate - Bootstrapping Spring Data JPA repositories in DEFAULT mode.
2023-05-12 22:52:19 [restartedMain] INFO  o.s.d.r.c.RepositoryConfigurationDelegate - Finished Spring Data repository scanning in 49 ms. Found 4 JPA repository interfaces.
2023-05-12 22:52:19 [restartedMain] INFO  o.s.b.w.e.tomcat.TomcatWebServer - Tomcat initialized with port(s): 8081 (http)
2023-05-12 22:52:19 [restartedMain] INFO  o.a.catalina.core.StandardService - Starting service [Tomcat]
2023-05-12 22:52:19 [restartedMain] INFO  o.a.catalina.core.StandardEngine - Starting Servlet engine: [Apache Tomcat/9.0.71]
2023-05-12 22:52:19 [restartedMain] INFO  o.a.c.c.C.[Tomcat].[localhost].[/] - Initializing Spring embedded WebApplicationContext
2023-05-12 22:52:19 [restartedMain] INFO  o.s.b.w.s.c.ServletWebServerApplicationContext - Root WebApplicationContext: initialization completed in 1341 ms
2023-05-12 22:52:19 [restartedMain] INFO  c.had.selfhelp.util.SimpleCORSFilter - SimpleCORSFilter init
2023-05-12 22:52:19 [restartedMain] INFO  o.h.jpa.internal.util.LogHelper - HHH000204: Processing PersistenceUnitInfo [name: default]
2023-05-12 22:52:19 [restartedMain] INFO  org.hibernate.Version - HHH000412: Hibernate ORM core version 5.6.14.Final
2023-05-12 22:52:19 [restartedMain] INFO  o.h.annotations.common.Version - HCANN000001: Hibernate Commons Annotations {5.1.2.Final}
2023-05-12 22:52:19 [restartedMain] INFO  com.zaxxer.hikari.HikariDataSource - HikariPool-1 - Starting...
2023-05-12 22:52:20 [restartedMain] INFO  com.zaxxer.hikari.HikariDataSource - HikariPool-1 - Start completed.
2023-05-12 22:52:20 [restartedMain] INFO  org.hibernate.dialect.Dialect - HHH000400: Using dialect: org.hibernate.dialect.MySQL8Dialect
2023-05-12 22:52:20 [restartedMain] INFO  o.h.e.t.j.p.i.JtaPlatformInitiator - HHH000490: Using JtaPlatform implementation: [org.hibernate.engine.transaction.jta.platform.internal.NoJtaPlatform]
2023-05-12 22:52:20 [restartedMain] INFO  o.s.o.j.LocalContainerEntityManagerFactoryBean - Initialized JPA EntityManagerFactory for persistence unit 'default'
2023-05-12 22:52:21 [restartedMain] WARN  o.s.b.a.o.j.JpaBaseConfiguration$JpaWebConfiguration - spring.jpa.open-in-view is enabled by default. Therefore, database queries may be performed during view rendering. Explicitly configure spring.jpa.open-in-view to disable this warning
2023-05-12 22:52:21 [restartedMain] INFO  o.s.s.web.DefaultSecurityFilterChain - Will secure any request with [org.springframework.security.web.session.DisableEncodeUrlFilter@7b2c2a57, org.springframework.security.web.context.request.async.WebAsyncManagerIntegrationFilter@44f977d6, org.springframework.security.web.context.SecurityContextPersistenceFilter@6252cb92, org.springframework.security.web.header.HeaderWriterFilter@4c0b1936, org.springframework.web.filter.CorsFilter@4d1728c2, org.springframework.security.web.authentication.logout.LogoutFilter@1bf89f68, com.had.selfhelp.jwt.AuthTokenFilter@547af93b, org.springframework.security.web.savedrequest.RequestCacheAwareFilter@3df2788f, org.springframework.security.web.servletapi.SecurityContextHolderAwareRequestFilter@7389aa19, org.springframework.security.web.authentication.AnonymousAuthenticationFilter@664eee9b, org.springframework.security.web.session.SessionManagementFilter@53a685f8, org.springframework.security.web.access.ExceptionTranslationFilter@76c9c1ae, org.springframework.security.web.access.intercept.FilterSecurityInterceptor@2dd69e2]
2023-05-12 22:52:21 [restartedMain] INFO  o.s.b.d.a.OptionalLiveReloadServer - LiveReload server is running on port 35729
2023-05-12 22:52:21 [restartedMain] INFO  o.s.b.w.e.tomcat.TomcatWebServer - Tomcat started on port(s): 8081 (http) with context path ''
2023-05-12 22:52:21 [restartedMain] INFO  com.had.selfhelp.SelfhelpApplication - Started SelfhelpApplication in 4.11 seconds (JVM running for 4.808)
2023-05-12 22:52:30 [http-nio-8081-exec-2] INFO  o.a.c.c.C.[Tomcat].[localhost].[/] - Initializing Spring DispatcherServlet 'dispatcherServlet'
2023-05-12 22:52:30 [http-nio-8081-exec-2] INFO  o.s.web.servlet.DispatcherServlet - Initializing Servlet 'dispatcherServlet'
2023-05-12 22:52:30 [http-nio-8081-exec-2] INFO  o.s.web.servlet.DispatcherServlet - Completed initialization in 2 ms
2023-05-12 22:52:30 [http-nio-8081-exec-1] INFO  c.h.s.controller.CustomerController - Registering the complaints
2023-05-12 22:52:30 [http-nio-8081-exec-5] INFO  c.h.s.controller.CustomerController - updating the complaints instance
2023-05-12 22:52:30 [http-nio-8081-exec-6] INFO  c.h.s.controller.CustomerController - updating the complaints instance
2023-05-12 22:53:38 [SpringApplicationShutdownHook] INFO  o.s.o.j.LocalContainerEntityManagerFactoryBean - Closing JPA EntityManagerFactory for persistence unit 'default'
2023-05-12 22:53:38 [SpringApplicationShutdownHook] INFO  com.zaxxer.hikari.HikariDataSource - HikariPool-1 - Shutdown initiated...
2023-05-12 22:53:38 [SpringApplicationShutdownHook] INFO  com.zaxxer.hikari.HikariDataSource - HikariPool-1 - Shutdown completed.
